<?xml version="1.0" encoding="UTF-8"?>
<testsuite xmlns:xsi="http://www.w3.org/2001/XMLSchema-instance" xsi:noNamespaceSchemaLocation="https://maven.apache.org/surefire/maven-surefire-plugin/xsd/surefire-test-report.xsd" name="most.active.cookie.finder.MostActiveCookieDataModelFinderProjectApplicationTests" time="1.355" tests="6" errors="0" skipped="0" failures="0">
  <properties>
[...]
</properties>
  <testcase name="readRightRowNumberCount" classname="most.active.cookie.finder.MostActiveCookieDataModelFinderProjectApplicationTests" time="0.352"/>
  <testcase name="validateInvalidArguments" classname="most.active.cookie.finder.MostActiveCookieDataModelFinderProjectApplicationTests" time="0"/>
  <testcase name="validateCookieMap" classname="most.active.cookie.finder.MostActiveCookieDataModelFinderProjectApplicationTests" time="0"/>
  <testcase name="validateArguments" classname="most.active.cookie.finder.MostActiveCookieDataModelFinderProjectApplicationTests" time="0.016"/>
  <testcase name="validateSearchResult" classname="most.active.cookie.finder.MostActiveCookieDataModelFinderProjectApplicationTests" time="0"/>
  <testcase name="validateIncorrectSearchDateArgument" classname="most.active.cookie.finder.MostActiveCookieDataModelFinderProjectApplicationTests" time="0"/>
</testsuite>